2019-11-28 04:13:09.516  INFO 1 --- [main] com.ga.userapi.UserApiApplication        : The following profiles are active: dev
2019-11-28 04:13:13.119  INFO 1 --- [main] .s.d.r.c.RepositoryConfigurationDelegate : Bootstrapping Spring Data repositories in DEFAULT mode.
2019-11-28 04:13:13.730  INFO 1 --- [main] .s.d.r.c.RepositoryConfigurationDelegate : Finished Spring Data repository scanning in 578ms. Found 3 repository interfaces.
2019-11-28 04:13:16.618  INFO 1 --- [main] o.s.cloud.context.scope.GenericScope     : BeanFactory id=cfb00be2-de85-3287-baa4-347a14d97901
2019-11-28 04:13:16.769  INFO 1 --- [main] trationDelegate$BeanPostProcessorChecker : Bean 'org.springframework.amqp.rabbit.annotation.RabbitBootstrapConfiguration' of type [org.springframework.amqp.rabbit.annotation.RabbitBootstrapConfiguration$$EnhancerBySpringCGLIB$$12cb98c6] is not eligible for getting processed by all BeanPostProcessors (for example: not eligible for auto-proxying)
2019-11-28 04:13:17.316  INFO 1 --- [main] trationDelegate$BeanPostProcessorChecker : Bean 'org.springframework.transaction.annotation.ProxyTransactionManagementConfiguration' of type [org.springframework.transaction.annotation.ProxyTransactionManagementConfiguration$$EnhancerBySpringCGLIB$$4c5fda98] is not eligible for getting processed by all BeanPostProcessors (for example: not eligible for auto-proxying)
2019-11-28 04:13:17.549  INFO 1 --- [main] trationDelegate$BeanPostProcessorChecker : Bean 'org.springframework.hateoas.config.HateoasConfiguration' of type [org.springframework.hateoas.config.HateoasConfiguration$$EnhancerBySpringCGLIB$$cbe027ca] is not eligible for getting processed by all BeanPostProcessors (for example: not eligible for auto-proxying)
2019-11-28 04:13:17.640  INFO 1 --- [main] trationDelegate$BeanPostProcessorChecker : Bean 'org.springframework.cloud.autoconfigure.ConfigurationPropertiesRebinderAutoConfiguration' of type [org.springframework.cloud.autoconfigure.ConfigurationPropertiesRebinderAutoConfiguration$$EnhancerBySpringCGLIB$$6879dd95] is not eligible for getting processed by all BeanPostProcessors (for example: not eligible for auto-proxying)
2019-11-28 04:13:19.175  INFO 1 --- [main] o.s.b.w.embedded.tomcat.TomcatWebServer  : Tomcat initialized with port(s): 8081 (http)
2019-11-28 04:13:19.288  INFO 1 --- [main] o.apache.catalina.core.StandardService   : Starting service [Tomcat]
2019-11-28 04:13:19.296  INFO 1 --- [main] org.apache.catalina.core.StandardEngine  : Starting Servlet engine: [Apache Tomcat/9.0.16]
2019-11-28 04:13:19.338  INFO 1 --- [main] o.a.catalina.core.AprLifecycleListener   : The APR based Apache Tomcat Native library which allows optimal performance in production environments was not found on the java.library.path: [/usr/java/packages/lib/amd64:/usr/lib64:/lib64:/lib:/usr/lib]
2019-11-28 04:13:19.814  INFO 1 --- [main] o.a.c.c.C.[Tomcat].[localhost].[/]       : Initializing Spring embedded WebApplicationContext
2019-11-28 04:13:19.814  INFO 1 --- [main] o.s.web.context.ContextLoader            : Root WebApplicationContext: initialization completed in 10218 ms
2019-11-28 04:13:21.487  INFO 1 --- [main] com.zaxxer.hikari.HikariDataSource       : HikariPool-1 - Starting...
2019-11-28 04:13:21.924  INFO 1 --- [main] com.zaxxer.hikari.HikariDataSource       : HikariPool-1 - Start completed.
2019-11-28 04:13:22.383  INFO 1 --- [main] o.hibernate.jpa.internal.util.LogHelper  : HHH000204: Processing PersistenceUnitInfo [
	name: default
	...]
2019-11-28 04:13:22.628  INFO 1 --- [main] org.hibernate.Version                    : HHH000412: Hibernate Core {5.3.7.Final}
2019-11-28 04:13:22.640  INFO 1 --- [main] org.hibernate.cfg.Environment            : HHH000206: hibernate.properties not found
2019-11-28 04:13:23.409  INFO 1 --- [main] o.hibernate.annotations.common.Version   : HCANN000001: Hibernate Commons Annotations {5.0.4.Final}
2019-11-28 04:13:24.381  INFO 1 --- [main] org.hibernate.dialect.Dialect            : HHH000400: Using dialect: org.hibernate.dialect.PostgreSQL95Dialect
2019-11-28 04:13:25.270  INFO 1 --- [main] o.h.e.j.e.i.LobCreatorBuilderImpl        : HHH000421: Disabling contextual LOB creation as hibernate.jdbc.lob.non_contextual_creation is true
2019-11-28 04:13:25.308  INFO 1 --- [main] org.hibernate.type.BasicTypeRegistry     : HHH000270: Type registration [java.util.UUID] overrides previous : org.hibernate.type.UUIDBinaryType@69733a53
2019-11-28 04:13:28.187  WARN 1 --- [main] o.h.engine.jdbc.spi.SqlExceptionHelper   : SQL Warning Code: 0, SQLState: 00000
2019-11-28 04:13:28.188  WARN 1 --- [main] o.h.engine.jdbc.spi.SqlExceptionHelper   : constraint "uk_lnth8w122wgy7grrjlu8hjmuu" of relation "user_role" does not exist, skipping
2019-11-28 04:13:28.195  WARN 1 --- [main] o.h.engine.jdbc.spi.SqlExceptionHelper   : SQL Warning Code: 0, SQLState: 00000
2019-11-28 04:13:28.195  WARN 1 --- [main] o.h.engine.jdbc.spi.SqlExceptionHelper   : constraint "uk_6dotkott2kjsp8vw4d0m25fb7" of relation "users" does not exist, skipping
2019-11-28 04:13:28.201  WARN 1 --- [main] o.h.engine.jdbc.spi.SqlExceptionHelper   : SQL Warning Code: 0, SQLState: 00000
2019-11-28 04:13:28.202  WARN 1 --- [main] o.h.engine.jdbc.spi.SqlExceptionHelper   : constraint "uk_r43af9ap4edm43mmtq01oddj6" of relation "users" does not exist, skipping
2019-11-28 04:13:28.223  INFO 1 --- [main] j.LocalContainerEntityManagerFactoryBean : Initialized JPA EntityManagerFactory for persistence unit 'default'
2019-11-28 04:13:32.664  WARN 1 --- [main] aWebConfiguration$JpaWebMvcConfiguration : spring.jpa.open-in-view is enabled by default. Therefore, database queries may be performed during view rendering. Explicitly configure spring.jpa.open-in-view to disable this warning
2019-11-28 04:13:34.573  INFO 1 --- [main] pertySourcedRequestMappingHandlerMapping : Mapped URL path [/v2/api-docs] onto method [public org.springframework.http.ResponseEntity<springfox.documentation.spring.web.json.Json> springfox.documentation.swagger2.web.Swagger2Controller.getDocumentation(java.lang.String,javax.servlet.http.HttpServletRequest)]
2019-11-28 04:13:34.688  WARN 1 --- [main] c.n.c.sources.URLConfigurationSource     : No URLs will be polled as dynamic configuration sources.
2019-11-28 04:13:34.689  INFO 1 --- [main] c.n.c.sources.URLConfigurationSource     : To enable URLs as dynamic configuration sources, define System property archaius.configurationSource.additionalUrls or make config.properties available on classpath.
2019-11-28 04:13:34.712  WARN 1 --- [main] c.n.c.sources.URLConfigurationSource     : No URLs will be polled as dynamic configuration sources.
2019-11-28 04:13:34.713  INFO 1 --- [main] c.n.c.sources.URLConfigurationSource     : To enable URLs as dynamic configuration sources, define System property archaius.configurationSource.additionalUrls or make config.properties available on classpath.
2019-11-28 04:13:35.319  INFO 1 --- [main] o.s.s.concurrent.ThreadPoolTaskExecutor  : Initializing ExecutorService 'applicationTaskExecutor'
2019-11-28 04:13:38.057  INFO 1 --- [main] o.s.c.n.eureka.InstanceInfoFactory       : Setting initial instance status as: STARTING
2019-11-28 04:13:38.133  INFO 1 --- [main] com.netflix.discovery.DiscoveryClient    : Initializing Eureka in region us-east-1
2019-11-28 04:13:38.323  INFO 1 --- [main] c.n.d.provider.DiscoveryJerseyProvider   : Using JSON encoding codec LegacyJacksonJson
2019-11-28 04:13:38.323  INFO 1 --- [main] c.n.d.provider.DiscoveryJerseyProvider   : Using JSON decoding codec LegacyJacksonJson
2019-11-28 04:13:38.565  INFO 1 --- [main] c.n.d.provider.DiscoveryJerseyProvider   : Using XML encoding codec XStreamXml
2019-11-28 04:13:38.566  INFO 1 --- [main] c.n.d.provider.DiscoveryJerseyProvider   : Using XML decoding codec XStreamXml
2019-11-28 04:13:38.849  INFO 1 --- [main] c.n.d.s.r.aws.ConfigClusterResolver      : Resolving eureka endpoints via configuration
2019-11-28 04:13:38.885  INFO 1 --- [main] com.netflix.discovery.DiscoveryClient    : Disable delta property : false
2019-11-28 04:13:38.885  INFO 1 --- [main] com.netflix.discovery.DiscoveryClient    : Single vip registry refresh property : null
2019-11-28 04:13:38.885  INFO 1 --- [main] com.netflix.discovery.DiscoveryClient    : Force full registry fetch : false
2019-11-28 04:13:38.885  INFO 1 --- [main] com.netflix.discovery.DiscoveryClient    : Application is null : false
2019-11-28 04:13:38.885  INFO 1 --- [main] com.netflix.discovery.DiscoveryClient    : Registered Applications size is zero : true
2019-11-28 04:13:38.886  INFO 1 --- [main] com.netflix.discovery.DiscoveryClient    : Application version is -1: true
2019-11-28 04:13:38.886  INFO 1 --- [main] com.netflix.discovery.DiscoveryClient    : Getting all instance registry info from the eureka server
2019-11-28 04:13:39.609  INFO 1 --- [main] com.netflix.discovery.DiscoveryClient    : The response status is 200
2019-11-28 04:13:39.615  INFO 1 --- [main] com.netflix.discovery.DiscoveryClient    : Starting heartbeat executor: renew interval is: 30
2019-11-28 04:13:39.619  INFO 1 --- [main] c.n.discovery.InstanceInfoReplicator     : InstanceInfoReplicator onDemand update allowed rate per min is 4
2019-11-28 04:13:39.627  INFO 1 --- [main] com.netflix.discovery.DiscoveryClient    : Discovery Client initialized at timestamp 1574914419625 with initial instances count: 3
2019-11-28 04:13:39.640  INFO 1 --- [main] o.s.c.n.e.s.EurekaServiceRegistry        : Registering application USERS with eureka with status UP
2019-11-28 04:13:39.643  INFO 1 --- [main] com.netflix.discovery.DiscoveryClient    : Saw local status change event StatusChangeEvent [timestamp=1574914419643, current=UP, previous=STARTING]
2019-11-28 04:13:39.649  INFO 1 --- [main] d.s.w.p.DocumentationPluginsBootstrapper : Context refreshed
2019-11-28 04:13:39.652  INFO 1 --- [DiscoveryClient-InstanceInfoReplicator-0] com.netflix.discovery.DiscoveryClient    : DiscoveryClient_USERS/610eddd8d75b:users:8081: registering service...
2019-11-28 04:13:39.705  INFO 1 --- [main] d.s.w.p.DocumentationPluginsBootstrapper : Found 1 custom documentation plugin(s)
2019-11-28 04:13:39.769  INFO 1 --- [DiscoveryClient-InstanceInfoReplicator-0] com.netflix.discovery.DiscoveryClient    : DiscoveryClient_USERS/610eddd8d75b:users:8081 - registration status: 204
2019-11-28 04:13:39.849  INFO 1 --- [main] s.d.s.w.s.ApiListingReferenceScanner     : Scanning for api listing references
2019-11-28 04:13:40.128  INFO 1 --- [main] o.s.a.r.c.CachingConnectionFactory       : Attempting to connect to: [rabbitmq:5672]
2019-11-28 04:13:40.283  INFO 1 --- [main] o.s.a.r.c.CachingConnectionFactory       : Created new connection: rabbitConnectionFactory#30396ef9:0/SimpleConnection@28fcc112 [delegate=amqp://guest@172.19.0.3:5672/, localPort= 47766]
2019-11-28 04:13:40.461  INFO 1 --- [main] o.s.b.w.embedded.tomcat.TomcatWebServer  : Tomcat started on port(s): 8081 (http) with context path ''
2019-11-28 04:13:40.480  INFO 1 --- [main] .s.c.n.e.s.EurekaAutoServiceRegistration : Updating port to 8081
2019-11-28 04:13:40.484  INFO 1 --- [main] com.ga.userapi.UserApiApplication        : Started UserApiApplication in 36.134 seconds (JVM running for 183.591)
2019-11-28 04:15:45.318  INFO 1 --- [http-nio-8081-exec-1] o.a.c.c.C.[Tomcat].[localhost].[/]       : Initializing Spring DispatcherServlet 'dispatcherServlet'
2019-11-28 04:15:45.321  INFO 1 --- [http-nio-8081-exec-1] o.s.web.servlet.DispatcherServlet        : Initializing Servlet 'dispatcherServlet'
2019-11-28 04:15:45.429  INFO 1 --- [http-nio-8081-exec-1] o.s.web.servlet.DispatcherServlet        : Completed initialization in 107 ms
2019-11-28 04:15:46.025  INFO 1 --- [http-nio-8081-exec-1] o.h.h.i.QueryTranslatorFactoryInitiator  : HHH000397: Using ASTQueryTranslatorFactory
2019-11-28 04:16:01.498  INFO 1 --- [http-nio-8081-exec-2] com.ga.userapi.services.UserServiceImpl  : Incorrect Login Credentials: LOG!
2019-11-28 04:18:38.888  INFO 1 --- [AsyncResolver-bootstrap-executor-0] c.n.d.s.r.aws.ConfigClusterResolver      : Resolving eureka endpoints via configuration
2019-11-28 04:20:00.549  INFO 1 --- [http-nio-8081-exec-4] com.ga.userapi.services.UserServiceImpl  : Incorrect Login Credentials: LOG!
2019-11-28 04:23:38.889  INFO 1 --- [AsyncResolver-bootstrap-executor-0] c.n.d.s.r.aws.ConfigClusterResolver      : Resolving eureka endpoints via configuration
2019-11-28 04:26:54.342  INFO 1 --- [http-nio-8081-exec-6] com.ga.userapi.services.UserServiceImpl  : Incorrect Login Credentials: LOG!
2019-11-28 04:28:38.892  INFO 1 --- [AsyncResolver-bootstrap-executor-0] c.n.d.s.r.aws.ConfigClusterResolver      : Resolving eureka endpoints via configuration
2019-11-28 04:33:38.893  INFO 1 --- [AsyncResolver-bootstrap-executor-0] c.n.d.s.r.aws.ConfigClusterResolver      : Resolving eureka endpoints via configuration
2019-11-28 04:38:38.894  INFO 1 --- [AsyncResolver-bootstrap-executor-0] c.n.d.s.r.aws.ConfigClusterResolver      : Resolving eureka endpoints via configuration
2019-11-28 04:43:38.896  INFO 1 --- [AsyncResolver-bootstrap-executor-0] c.n.d.s.r.aws.ConfigClusterResolver      : Resolving eureka endpoints via configuration
2019-11-28 04:48:38.896  INFO 1 --- [AsyncResolver-bootstrap-executor-0] c.n.d.s.r.aws.ConfigClusterResolver      : Resolving eureka endpoints via configuration
2019-11-28 04:53:38.898  INFO 1 --- [AsyncResolver-bootstrap-executor-0] c.n.d.s.r.aws.ConfigClusterResolver      : Resolving eureka endpoints via configuration
2019-11-28 04:53:53.040  INFO 1 --- [http-nio-8081-exec-8] com.ga.userapi.services.UserServiceImpl  : Incorrect Login Credentials: LOG!
2019-11-28 04:55:02.138  INFO 1 --- [http-nio-8081-exec-10] com.ga.userapi.services.UserServiceImpl  : Incorrect Login Credentials: LOG!
2019-11-28 04:58:38.898  INFO 1 --- [AsyncResolver-bootstrap-executor-0] c.n.d.s.r.aws.ConfigClusterResolver      : Resolving eureka endpoints via configuration
2019-11-28 05:03:38.900  INFO 1 --- [AsyncResolver-bootstrap-executor-0] c.n.d.s.r.aws.ConfigClusterResolver      : Resolving eureka endpoints via configuration
2019-11-28 05:06:08.841  INFO 1 --- [http-nio-8081-exec-2] com.ga.userapi.services.UserServiceImpl  : Incorrect Login Credentials: LOG!
2019-11-28 05:08:38.902  INFO 1 --- [AsyncResolver-bootstrap-executor-0] c.n.d.s.r.aws.ConfigClusterResolver      : Resolving eureka endpoints via configuration
2019-11-28 05:13:38.903  INFO 1 --- [AsyncResolver-bootstrap-executor-0] c.n.d.s.r.aws.ConfigClusterResolver      : Resolving eureka endpoints via configuration
2019-11-28 05:15:10.369  INFO 1 --- [http-nio-8081-exec-4] com.ga.userapi.services.UserServiceImpl  : Incorrect Login Credentials: LOG!
2019-11-28 05:18:38.904  INFO 1 --- [AsyncResolver-bootstrap-executor-0] c.n.d.s.r.aws.ConfigClusterResolver      : Resolving eureka endpoints via configuration
2019-11-28 05:23:38.905  INFO 1 --- [AsyncResolver-bootstrap-executor-0] c.n.d.s.r.aws.ConfigClusterResolver      : Resolving eureka endpoints via configuration
2019-11-28 05:28:38.906  INFO 1 --- [AsyncResolver-bootstrap-executor-0] c.n.d.s.r.aws.ConfigClusterResolver      : Resolving eureka endpoints via configuration
2019-11-28 05:33:38.908  INFO 1 --- [AsyncResolver-bootstrap-executor-0] c.n.d.s.r.aws.ConfigClusterResolver      : Resolving eureka endpoints via configuration
2019-11-28 05:34:17.296  INFO 1 --- [http-nio-8081-exec-6] com.ga.userapi.services.UserServiceImpl  : Incorrect Login Credentials: LOG!
2019-11-28 05:36:23.528  INFO 1 --- [http-nio-8081-exec-8] com.ga.userapi.services.UserServiceImpl  : Incorrect Login Credentials: LOG!
2019-11-28 05:36:47.009  INFO 1 --- [http-nio-8081-exec-9] com.ga.userapi.services.UserServiceImpl  : Incorrect Login Credentials: LOG!
2019-11-28 05:38:38.909  INFO 1 --- [AsyncResolver-bootstrap-executor-0] c.n.d.s.r.aws.ConfigClusterResolver      : Resolving eureka endpoints via configuration
2019-11-28 05:43:38.910  INFO 1 --- [AsyncResolver-bootstrap-executor-0] c.n.d.s.r.aws.ConfigClusterResolver      : Resolving eureka endpoints via configuration
2019-11-28 05:46:22.896  INFO 1 --- [Thread-8] o.s.c.n.e.s.EurekaServiceRegistry        : Unregistering application USERS with eureka with status DOWN
2019-11-28 05:46:22.897  WARN 1 --- [Thread-8] com.netflix.discovery.DiscoveryClient    : Saw local status change event StatusChangeEvent [timestamp=1574919982897, current=DOWN, previous=UP]
2019-11-28 05:46:22.925  INFO 1 --- [DiscoveryClient-InstanceInfoReplicator-0] com.netflix.discovery.DiscoveryClient    : DiscoveryClient_USERS/610eddd8d75b:users:8081: registering service...
2019-11-28 05:46:22.932  INFO 1 --- [DiscoveryClient-InstanceInfoReplicator-0] com.netflix.discovery.DiscoveryClient    : DiscoveryClient_USERS/610eddd8d75b:users:8081 - registration status: 204
2019-11-28 05:46:23.006  INFO 1 --- [Thread-8] o.s.a.r.l.SimpleMessageListenerContainer : Waiting for workers to finish.
2019-11-28 05:46:23.339  INFO 1 --- [Thread-8] o.s.a.r.l.SimpleMessageListenerContainer : Successfully waited for workers to finish.
2019-11-28 05:46:23.373  INFO 1 --- [Thread-8] o.s.a.r.l.SimpleMessageListenerContainer : Shutdown ignored - container is not active already
2019-11-28 05:46:23.406  INFO 1 --- [Thread-8] o.s.s.concurrent.ThreadPoolTaskExecutor  : Shutting down ExecutorService 'applicationTaskExecutor'
2019-11-28 05:46:23.415  INFO 1 --- [Thread-8] j.LocalContainerEntityManagerFactoryBean : Closing JPA EntityManagerFactory for persistence unit 'default'
2019-11-28 05:46:23.426  INFO 1 --- [Thread-8] com.netflix.discovery.DiscoveryClient    : Shutting down DiscoveryClient ...
2019-11-28 05:46:26.427  INFO 1 --- [Thread-8] com.netflix.discovery.DiscoveryClient    : Unregistering ...
2019-11-28 05:46:26.433  INFO 1 --- [Thread-8] com.netflix.discovery.DiscoveryClient    : DiscoveryClient_USERS/610eddd8d75b:users:8081 - deregister  status: 200
2019-11-28 05:46:26.448  INFO 1 --- [Thread-8] com.netflix.discovery.DiscoveryClient    : Completed shut down of DiscoveryClient
2019-11-28 05:46:26.449  INFO 1 --- [Thread-8] com.zaxxer.hikari.HikariDataSource       : HikariPool-1 - Shutdown initiated...
2019-11-28 05:46:26.476  INFO 1 --- [Thread-8] com.zaxxer.hikari.HikariDataSource       : HikariPool-1 - Shutdown completed.
