2019-11-28 04:12:53.852  INFO 1 --- [main] com.ga.commentapi.CommentApiApplication  : The following profiles are active: dev
2019-11-28 04:12:58.207  INFO 1 --- [main] .s.d.r.c.RepositoryConfigurationDelegate : Bootstrapping Spring Data repositories in DEFAULT mode.
2019-11-28 04:12:58.607  INFO 1 --- [main] .s.d.r.c.RepositoryConfigurationDelegate : Finished Spring Data repository scanning in 359ms. Found 1 repository interfaces.
2019-11-28 04:13:00.959  INFO 1 --- [main] o.s.cloud.context.scope.GenericScope     : BeanFactory id=32f0ff4c-0d7c-3670-b8f3-99df3cff5f2c
2019-11-28 04:13:01.928  INFO 1 --- [main] trationDelegate$BeanPostProcessorChecker : Bean 'org.springframework.transaction.annotation.ProxyTransactionManagementConfiguration' of type [org.springframework.transaction.annotation.ProxyTransactionManagementConfiguration$$EnhancerBySpringCGLIB$$6217d98] is not eligible for getting processed by all BeanPostProcessors (for example: not eligible for auto-proxying)
2019-11-28 04:13:02.125  INFO 1 --- [main] trationDelegate$BeanPostProcessorChecker : Bean 'org.springframework.hateoas.config.HateoasConfiguration' of type [org.springframework.hateoas.config.HateoasConfiguration$$EnhancerBySpringCGLIB$$85a1caca] is not eligible for getting processed by all BeanPostProcessors (for example: not eligible for auto-proxying)
2019-11-28 04:13:02.238  INFO 1 --- [main] trationDelegate$BeanPostProcessorChecker : Bean 'org.springframework.cloud.autoconfigure.ConfigurationPropertiesRebinderAutoConfiguration' of type [org.springframework.cloud.autoconfigure.ConfigurationPropertiesRebinderAutoConfiguration$$EnhancerBySpringCGLIB$$223b8095] is not eligible for getting processed by all BeanPostProcessors (for example: not eligible for auto-proxying)
2019-11-28 04:13:05.109  INFO 1 --- [main] o.s.b.w.embedded.tomcat.TomcatWebServer  : Tomcat initialized with port(s): 8083 (http)
2019-11-28 04:13:05.263  INFO 1 --- [main] o.apache.catalina.core.StandardService   : Starting service [Tomcat]
2019-11-28 04:13:05.264  INFO 1 --- [main] org.apache.catalina.core.StandardEngine  : Starting Servlet engine: [Apache Tomcat/9.0.19]
2019-11-28 04:13:05.732  INFO 1 --- [main] o.a.c.c.C.[Tomcat].[localhost].[/]       : Initializing Spring embedded WebApplicationContext
2019-11-28 04:13:05.733  INFO 1 --- [main] o.s.web.context.ContextLoader            : Root WebApplicationContext: initialization completed in 11821 ms
2019-11-28 04:13:07.228  INFO 1 --- [main] com.zaxxer.hikari.HikariDataSource       : HikariPool-1 - Starting...
2019-11-28 04:13:07.546  INFO 1 --- [main] com.zaxxer.hikari.HikariDataSource       : HikariPool-1 - Start completed.
2019-11-28 04:13:07.927  INFO 1 --- [main] o.hibernate.jpa.internal.util.LogHelper  : HHH000204: Processing PersistenceUnitInfo [
	name: default
	...]
2019-11-28 04:13:08.200  INFO 1 --- [main] org.hibernate.Version                    : HHH000412: Hibernate Core {5.3.10.Final}
2019-11-28 04:13:08.203  INFO 1 --- [main] org.hibernate.cfg.Environment            : HHH000206: hibernate.properties not found
2019-11-28 04:13:09.016  INFO 1 --- [main] o.hibernate.annotations.common.Version   : HCANN000001: Hibernate Commons Annotations {5.0.4.Final}
2019-11-28 04:13:09.587  INFO 1 --- [main] org.hibernate.dialect.Dialect            : HHH000400: Using dialect: org.hibernate.dialect.PostgreSQL95Dialect
2019-11-28 04:13:09.894  INFO 1 --- [main] o.h.e.j.e.i.LobCreatorBuilderImpl        : HHH000421: Disabling contextual LOB creation as hibernate.jdbc.lob.non_contextual_creation is true
2019-11-28 04:13:09.921  INFO 1 --- [main] org.hibernate.type.BasicTypeRegistry     : HHH000270: Type registration [java.util.UUID] overrides previous : org.hibernate.type.UUIDBinaryType@3006234b
2019-11-28 04:13:11.884  INFO 1 --- [main] j.LocalContainerEntityManagerFactoryBean : Initialized JPA EntityManagerFactory for persistence unit 'default'
2019-11-28 04:13:16.122  WARN 1 --- [main] aWebConfiguration$JpaWebMvcConfiguration : spring.jpa.open-in-view is enabled by default. Therefore, database queries may be performed during view rendering. Explicitly configure spring.jpa.open-in-view to disable this warning
2019-11-28 04:13:18.865  INFO 1 --- [main] pertySourcedRequestMappingHandlerMapping : Mapped URL path [/v2/api-docs] onto method [public org.springframework.http.ResponseEntity<springfox.documentation.spring.web.json.Json> springfox.documentation.swagger2.web.Swagger2Controller.getDocumentation(java.lang.String,javax.servlet.http.HttpServletRequest)]
2019-11-28 04:13:18.950  WARN 1 --- [main] c.n.c.sources.URLConfigurationSource     : No URLs will be polled as dynamic configuration sources.
2019-11-28 04:13:18.963  INFO 1 --- [main] c.n.c.sources.URLConfigurationSource     : To enable URLs as dynamic configuration sources, define System property archaius.configurationSource.additionalUrls or make config.properties available on classpath.
2019-11-28 04:13:19.045  WARN 1 --- [main] c.n.c.sources.URLConfigurationSource     : No URLs will be polled as dynamic configuration sources.
2019-11-28 04:13:19.046  INFO 1 --- [main] c.n.c.sources.URLConfigurationSource     : To enable URLs as dynamic configuration sources, define System property archaius.configurationSource.additionalUrls or make config.properties available on classpath.
2019-11-28 04:13:19.784  INFO 1 --- [main] o.s.s.concurrent.ThreadPoolTaskExecutor  : Initializing ExecutorService 'applicationTaskExecutor'
2019-11-28 04:13:25.547  INFO 1 --- [main] o.s.c.n.eureka.InstanceInfoFactory       : Setting initial instance status as: STARTING
2019-11-28 04:13:25.733  INFO 1 --- [main] com.netflix.discovery.DiscoveryClient    : Initializing Eureka in region us-east-1
2019-11-28 04:13:26.073  INFO 1 --- [main] c.n.d.provider.DiscoveryJerseyProvider   : Using JSON encoding codec LegacyJacksonJson
2019-11-28 04:13:26.079  INFO 1 --- [main] c.n.d.provider.DiscoveryJerseyProvider   : Using JSON decoding codec LegacyJacksonJson
2019-11-28 04:13:26.797  INFO 1 --- [main] c.n.d.provider.DiscoveryJerseyProvider   : Using XML encoding codec XStreamXml
2019-11-28 04:13:26.798  INFO 1 --- [main] c.n.d.provider.DiscoveryJerseyProvider   : Using XML decoding codec XStreamXml
2019-11-28 04:13:27.712  INFO 1 --- [main] c.n.d.s.r.aws.ConfigClusterResolver      : Resolving eureka endpoints via configuration
2019-11-28 04:13:27.844  INFO 1 --- [main] com.netflix.discovery.DiscoveryClient    : Disable delta property : false
2019-11-28 04:13:27.851  INFO 1 --- [main] com.netflix.discovery.DiscoveryClient    : Single vip registry refresh property : null
2019-11-28 04:13:27.851  INFO 1 --- [main] com.netflix.discovery.DiscoveryClient    : Force full registry fetch : false
2019-11-28 04:13:27.851  INFO 1 --- [main] com.netflix.discovery.DiscoveryClient    : Application is null : false
2019-11-28 04:13:27.851  INFO 1 --- [main] com.netflix.discovery.DiscoveryClient    : Registered Applications size is zero : true
2019-11-28 04:13:27.852  INFO 1 --- [main] com.netflix.discovery.DiscoveryClient    : Application version is -1: true
2019-11-28 04:13:27.852  INFO 1 --- [main] com.netflix.discovery.DiscoveryClient    : Getting all instance registry info from the eureka server
2019-11-28 04:13:28.881  INFO 1 --- [main] com.netflix.discovery.DiscoveryClient    : The response status is 200
2019-11-28 04:13:28.907  INFO 1 --- [main] com.netflix.discovery.DiscoveryClient    : Starting heartbeat executor: renew interval is: 30
2019-11-28 04:13:28.927  INFO 1 --- [main] c.n.discovery.InstanceInfoReplicator     : InstanceInfoReplicator onDemand update allowed rate per min is 4
2019-11-28 04:13:28.955  INFO 1 --- [main] com.netflix.discovery.DiscoveryClient    : Discovery Client initialized at timestamp 1574914408954 with initial instances count: 2
2019-11-28 04:13:28.997  INFO 1 --- [main] o.s.c.n.e.s.EurekaServiceRegistry        : Registering application COMMENTS with eureka with status UP
2019-11-28 04:13:29.004  INFO 1 --- [main] com.netflix.discovery.DiscoveryClient    : Saw local status change event StatusChangeEvent [timestamp=1574914409004, current=UP, previous=STARTING]
2019-11-28 04:13:29.014  INFO 1 --- [DiscoveryClient-InstanceInfoReplicator-0] com.netflix.discovery.DiscoveryClient    : DiscoveryClient_COMMENTS/6c082ae846aa:comments:8083: registering service...
2019-11-28 04:13:29.039  INFO 1 --- [main] d.s.w.p.DocumentationPluginsBootstrapper : Context refreshed
2019-11-28 04:13:29.173  INFO 1 --- [main] d.s.w.p.DocumentationPluginsBootstrapper : Found 1 custom documentation plugin(s)
2019-11-28 04:13:29.222  INFO 1 --- [DiscoveryClient-InstanceInfoReplicator-0] com.netflix.discovery.DiscoveryClient    : DiscoveryClient_COMMENTS/6c082ae846aa:comments:8083 - registration status: 204
2019-11-28 04:13:29.408  INFO 1 --- [main] s.d.s.w.s.ApiListingReferenceScanner     : Scanning for api listing references
2019-11-28 04:13:30.137  INFO 1 --- [main] o.s.a.r.c.CachingConnectionFactory       : Attempting to connect to: [rabbitmq:5672]
2019-11-28 04:13:31.599  INFO 1 --- [main] o.s.a.r.c.CachingConnectionFactory       : Created new connection: rabbitConnectionFactory#254a33d4:0/SimpleConnection@21a2f7c0 [delegate=amqp://guest@172.19.0.3:5672/, localPort= 49402]
2019-11-28 04:13:32.040  INFO 1 --- [main] o.s.b.w.embedded.tomcat.TomcatWebServer  : Tomcat started on port(s): 8083 (http) with context path ''
2019-11-28 04:13:32.048  INFO 1 --- [main] .s.c.n.e.s.EurekaAutoServiceRegistration : Updating port to 8083
2019-11-28 04:13:32.072  INFO 1 --- [main] com.ga.commentapi.CommentApiApplication  : Started CommentApiApplication in 43.493 seconds (JVM running for 174.999)
2019-11-28 04:18:27.856  INFO 1 --- [AsyncResolver-bootstrap-executor-0] c.n.d.s.r.aws.ConfigClusterResolver      : Resolving eureka endpoints via configuration
2019-11-28 04:23:27.859  INFO 1 --- [AsyncResolver-bootstrap-executor-0] c.n.d.s.r.aws.ConfigClusterResolver      : Resolving eureka endpoints via configuration
2019-11-28 04:28:27.861  INFO 1 --- [AsyncResolver-bootstrap-executor-0] c.n.d.s.r.aws.ConfigClusterResolver      : Resolving eureka endpoints via configuration
2019-11-28 04:33:27.864  INFO 1 --- [AsyncResolver-bootstrap-executor-0] c.n.d.s.r.aws.ConfigClusterResolver      : Resolving eureka endpoints via configuration
2019-11-28 04:38:27.866  INFO 1 --- [AsyncResolver-bootstrap-executor-0] c.n.d.s.r.aws.ConfigClusterResolver      : Resolving eureka endpoints via configuration
2019-11-28 04:43:27.868  INFO 1 --- [AsyncResolver-bootstrap-executor-0] c.n.d.s.r.aws.ConfigClusterResolver      : Resolving eureka endpoints via configuration
2019-11-28 04:48:27.870  INFO 1 --- [AsyncResolver-bootstrap-executor-0] c.n.d.s.r.aws.ConfigClusterResolver      : Resolving eureka endpoints via configuration
2019-11-28 04:53:27.871  INFO 1 --- [AsyncResolver-bootstrap-executor-0] c.n.d.s.r.aws.ConfigClusterResolver      : Resolving eureka endpoints via configuration
2019-11-28 04:58:27.872  INFO 1 --- [AsyncResolver-bootstrap-executor-0] c.n.d.s.r.aws.ConfigClusterResolver      : Resolving eureka endpoints via configuration
2019-11-28 05:03:27.873  INFO 1 --- [AsyncResolver-bootstrap-executor-0] c.n.d.s.r.aws.ConfigClusterResolver      : Resolving eureka endpoints via configuration
2019-11-28 05:08:27.874  INFO 1 --- [AsyncResolver-bootstrap-executor-0] c.n.d.s.r.aws.ConfigClusterResolver      : Resolving eureka endpoints via configuration
2019-11-28 05:13:27.876  INFO 1 --- [AsyncResolver-bootstrap-executor-0] c.n.d.s.r.aws.ConfigClusterResolver      : Resolving eureka endpoints via configuration
2019-11-28 05:18:27.877  INFO 1 --- [AsyncResolver-bootstrap-executor-0] c.n.d.s.r.aws.ConfigClusterResolver      : Resolving eureka endpoints via configuration
2019-11-28 05:23:27.879  INFO 1 --- [AsyncResolver-bootstrap-executor-0] c.n.d.s.r.aws.ConfigClusterResolver      : Resolving eureka endpoints via configuration
2019-11-28 05:28:27.880  INFO 1 --- [AsyncResolver-bootstrap-executor-0] c.n.d.s.r.aws.ConfigClusterResolver      : Resolving eureka endpoints via configuration
2019-11-28 05:33:27.882  INFO 1 --- [AsyncResolver-bootstrap-executor-0] c.n.d.s.r.aws.ConfigClusterResolver      : Resolving eureka endpoints via configuration
2019-11-28 05:38:27.883  INFO 1 --- [AsyncResolver-bootstrap-executor-0] c.n.d.s.r.aws.ConfigClusterResolver      : Resolving eureka endpoints via configuration
2019-11-28 05:43:27.884  INFO 1 --- [AsyncResolver-bootstrap-executor-0] c.n.d.s.r.aws.ConfigClusterResolver      : Resolving eureka endpoints via configuration
2019-11-28 05:46:22.894  INFO 1 --- [Thread-8] o.s.c.n.e.s.EurekaServiceRegistry        : Unregistering application COMMENTS with eureka with status DOWN
2019-11-28 05:46:22.894  WARN 1 --- [Thread-8] com.netflix.discovery.DiscoveryClient    : Saw local status change event StatusChangeEvent [timestamp=1574919982894, current=DOWN, previous=UP]
2019-11-28 05:46:22.895  INFO 1 --- [DiscoveryClient-InstanceInfoReplicator-0] com.netflix.discovery.DiscoveryClient    : DiscoveryClient_COMMENTS/6c082ae846aa:comments:8083: registering service...
2019-11-28 05:46:22.981  INFO 1 --- [DiscoveryClient-InstanceInfoReplicator-0] com.netflix.discovery.DiscoveryClient    : DiscoveryClient_COMMENTS/6c082ae846aa:comments:8083 - registration status: 204
2019-11-28 05:46:23.022  INFO 1 --- [Thread-8] o.s.a.r.l.SimpleMessageListenerContainer : Waiting for workers to finish.
2019-11-28 05:46:23.704  INFO 1 --- [Thread-8] o.s.a.r.l.SimpleMessageListenerContainer : Successfully waited for workers to finish.
2019-11-28 05:46:23.730  INFO 1 --- [Thread-8] o.s.a.r.l.SimpleMessageListenerContainer : Shutdown ignored - container is not active already
2019-11-28 05:46:23.737  INFO 1 --- [Thread-8] o.s.s.concurrent.ThreadPoolTaskExecutor  : Shutting down ExecutorService 'applicationTaskExecutor'
2019-11-28 05:46:23.791  INFO 1 --- [Thread-8] j.LocalContainerEntityManagerFactoryBean : Closing JPA EntityManagerFactory for persistence unit 'default'
2019-11-28 05:46:23.807  INFO 1 --- [Thread-8] com.netflix.discovery.DiscoveryClient    : Shutting down DiscoveryClient ...
2019-11-28 05:46:26.814  INFO 1 --- [Thread-8] com.netflix.discovery.DiscoveryClient    : Unregistering ...
2019-11-28 05:46:26.824  INFO 1 --- [Thread-8] com.netflix.discovery.DiscoveryClient    : DiscoveryClient_COMMENTS/6c082ae846aa:comments:8083 - deregister  status: 200
2019-11-28 05:46:26.875  INFO 1 --- [Thread-8] com.netflix.discovery.DiscoveryClient    : Completed shut down of DiscoveryClient
2019-11-28 05:46:26.888  INFO 1 --- [Thread-8] com.zaxxer.hikari.HikariDataSource       : HikariPool-1 - Shutdown initiated...
2019-11-28 05:46:26.928  INFO 1 --- [Thread-8] com.zaxxer.hikari.HikariDataSource       : HikariPool-1 - Shutdown completed.
